<?xml version="1.0" encoding="utf-8"?>
<coverage line-rate="0.9505" branch-rate="0.9629000000000001" version="1.9" timestamp="1602735160" lines-covered="692" lines-valid="728" branches-covered="104" branches-valid="108">
  <sources>
    <source>C:\BootCamp\Case\assist-purchase-s22b9\AssistAPurchase\</source>
  </sources>
  <packages>
    <package name="AssistAPurchase" line-rate="0.9505" branch-rate="0.9629000000000001" complexity="164">
      <classes>
        <class name="AssistAPurchase.Program" filename="Program.cs" line-rate="0" branch-rate="1" complexity="2">
          <methods>
            <method name="Main" signature="(System.String[])" line-rate="0" branch-rate="1" complexity="1">
              <lines>
                <line number="10" hits="0" branch="False" />
                <line number="11" hits="0" branch="False" />
                <line number="12" hits="0" branch="False" />
              </lines>
            </method>
            <method name="CreateHostBuilder" signature="(System.String[])" line-rate="0" branch-rate="1" complexity="1">
              <lines>
                <line number="15" hits="0" branch="False" />
                <line number="16" hits="0" branch="False" />
                <line number="17" hits="0" branch="False" />
                <line number="18" hits="0" branch="False" />
                <line number="19" hits="0" branch="False" />
              </lines>
            </method>
          </methods>
          <lines>
            <line number="10" hits="0" branch="False" />
            <line number="11" hits="0" branch="False" />
            <line number="12" hits="0" branch="False" />
            <line number="15" hits="0" branch="False" />
            <line number="16" hits="0" branch="False" />
            <line number="17" hits="0" branch="False" />
            <line number="18" hits="0" branch="False" />
            <line number="19" hits="0" branch="False" />
          </lines>
        </class>
        <class name="AssistAPurchase.Startup" filename="Startup.cs" line-rate="0" branch-rate="0" complexity="5">
          <methods>
            <method name="get_Configuration" signature="()" line-rate="0" branch-rate="1" complexity="1">
              <lines>
                <line number="17" hits="0" branch="False" />
              </lines>
            </method>
            <method name="ConfigureServices" signature="(Microsoft.Extensions.DependencyInjection.IServiceCollection)" line-rate="0" branch-rate="1" complexity="1">
              <lines>
                <line number="21" hits="0" branch="False" />
                <line number="22" hits="0" branch="False" />
                <line number="24" hits="0" branch="False" />
                <line number="25" hits="0" branch="False" />
                <line number="27" hits="0" branch="False" />
                <line number="28" hits="0" branch="False" />
                <line number="29" hits="0" branch="False" />
                <line number="32" hits="0" branch="False" />
              </lines>
            </method>
            <method name="Configure" signature="(Microsoft.AspNetCore.Builder.IApplicationBuilder,Microsoft.AspNetCore.Hosting.IWebHostEnvironment)" line-rate="0" branch-rate="0" complexity="2">
              <lines>
                <line number="36" hits="0" branch="False" />
                <line number="37" hits="0" branch="True" condition-coverage="0% (0/2)">
                  <conditions>
                    <condition number="9" type="jump" coverage="0%" />
                  </conditions>
                </line>
                <line number="38" hits="0" branch="False" />
                <line number="39" hits="0" branch="False" />
                <line number="40" hits="0" branch="False" />
                <line number="42" hits="0" branch="False" />
                <line number="44" hits="0" branch="False" />
                <line number="46" hits="0" branch="False" />
                <line number="48" hits="0" branch="False" />
                <line number="49" hits="0" branch="False" />
                <line number="50" hits="0" branch="False" />
                <line number="51" hits="0" branch="False" />
                <line number="52" hits="0" branch="False" />
              </lines>
            </method>
            <method name=".ctor" signature="(Microsoft.Extensions.Configuration.IConfiguration)" line-rate="0" branch-rate="1" complexity="1">
              <lines>
                <line number="12" hits="0" branch="False" />
                <line number="13" hits="0" branch="False" />
                <line number="14" hits="0" branch="False" />
                <line number="15" hits="0" branch="False" />
              </lines>
            </method>
          </methods>
          <lines>
            <line number="17" hits="0" branch="False" />
            <line number="21" hits="0" branch="False" />
            <line number="22" hits="0" branch="False" />
            <line number="24" hits="0" branch="False" />
            <line number="25" hits="0" branch="False" />
            <line number="27" hits="0" branch="False" />
            <line number="28" hits="0" branch="False" />
            <line number="29" hits="0" branch="False" />
            <line number="32" hits="0" branch="False" />
            <line number="36" hits="0" branch="False" />
            <line number="37" hits="0" branch="True" condition-coverage="0% (0/2)">
              <conditions>
                <condition number="9" type="jump" coverage="0%" />
              </conditions>
            </line>
            <line number="38" hits="0" branch="False" />
            <line number="39" hits="0" branch="False" />
            <line number="40" hits="0" branch="False" />
            <line number="42" hits="0" branch="False" />
            <line number="44" hits="0" branch="False" />
            <line number="46" hits="0" branch="False" />
            <line number="48" hits="0" branch="False" />
            <line number="49" hits="0" branch="False" />
            <line number="50" hits="0" branch="False" />
            <line number="51" hits="0" branch="False" />
            <line number="52" hits="0" branch="False" />
            <line number="12" hits="0" branch="False" />
            <line number="13" hits="0" branch="False" />
            <line number="14" hits="0" branch="False" />
            <line number="15" hits="0" branch="False" />
          </lines>
        </class>
        <class name="AssistAPurchase.SupportingFunctions.ProductConfigureSupporterFunctions" filename="SupportingFunctions\ProductConfigureSupporterFunctions.cs" line-rate="0.9756" branch-rate="0.95" complexity="20">
          <methods>
            <method name="CheckForNullOrMisMatchProductNumber" signature="(AssistAPurchase.Models.MonitoringItems,System.String)" line-rate="1" branch-rate="1" complexity="4">
              <lines>
                <line number="9" hits="6" branch="False" />
                <line number="10" hits="6" branch="True" condition-coverage="100% (4/4)">
                  <conditions>
                    <condition number="2" type="jump" coverage="100%" />
                    <condition number="21" type="jump" coverage="100%" />
                  </conditions>
                </line>
                <line number="11" hits="3" branch="False" />
                <line number="12" hits="3" branch="False" />
                <line number="13" hits="6" branch="False" />
              </lines>
            </method>
            <method name="GetItemsAboveThanGivenPrice" signature="(System.String,System.Collections.Generic.List`1&lt;AssistAPurchase.Models.MonitoringItems&gt;)" line-rate="1" branch-rate="1" complexity="4">
              <lines>
                <line number="16" hits="1" branch="False" />
                <line number="17" hits="1" branch="False" />
                <line number="18" hits="36" branch="True" condition-coverage="100% (2/2)">
                  <conditions>
                    <condition number="71" type="jump" coverage="100%" />
                  </conditions>
                </line>
                <line number="19" hits="17" branch="False" />
                <line number="20" hits="17" branch="True" condition-coverage="100% (2/2)">
                  <conditions>
                    <condition number="39" type="jump" coverage="100%" />
                  </conditions>
                </line>
                <line number="21" hits="1" branch="False" />
                <line number="22" hits="17" branch="False" />
                <line number="23" hits="1" branch="False" />
                <line number="24" hits="1" branch="False" />
              </lines>
            </method>
            <method name="GetItemsBelowThanGivenPrice" signature="(System.String,System.Collections.Generic.List`1&lt;AssistAPurchase.Models.MonitoringItems&gt;)" line-rate="0.8887999999999999" branch-rate="0.75" complexity="4">
              <lines>
                <line number="26" hits="1" branch="False" />
                <line number="27" hits="1" branch="False" />
                <line number="28" hits="36" branch="True" condition-coverage="100% (2/2)">
                  <conditions>
                    <condition number="74" type="jump" coverage="100%" />
                  </conditions>
                </line>
                <line number="29" hits="17" branch="False" />
                <line number="30" hits="17" branch="True" condition-coverage="50% (1/2)">
                  <conditions>
                    <condition number="42" type="jump" coverage="50%" />
                  </conditions>
                </line>
                <line number="31" hits="0" branch="False" />
                <line number="32" hits="17" branch="False" />
                <line number="33" hits="1" branch="False" />
                <line number="34" hits="1" branch="False" />
              </lines>
            </method>
            <method name="GetItemsAboveThanGivenScreenSize" signature="(System.String,System.Collections.Generic.List`1&lt;AssistAPurchase.Models.MonitoringItems&gt;)" line-rate="1" branch-rate="1" complexity="4">
              <lines>
                <line number="37" hits="1" branch="False" />
                <line number="38" hits="1" branch="False" />
                <line number="39" hits="36" branch="True" condition-coverage="100% (2/2)">
                  <conditions>
                    <condition number="71" type="jump" coverage="100%" />
                  </conditions>
                </line>
                <line number="40" hits="17" branch="False" />
                <line number="41" hits="17" branch="True" condition-coverage="100% (2/2)">
                  <conditions>
                    <condition number="39" type="jump" coverage="100%" />
                  </conditions>
                </line>
                <line number="42" hits="8" branch="False" />
                <line number="43" hits="17" branch="False" />
                <line number="44" hits="1" branch="False" />
                <line number="45" hits="1" branch="False" />
              </lines>
            </method>
            <method name="GetItemsBelowThanGivenScreenSize" signature="(System.String,System.Collections.Generic.List`1&lt;AssistAPurchase.Models.MonitoringItems&gt;)" line-rate="1" branch-rate="1" complexity="4">
              <lines>
                <line number="47" hits="1" branch="False" />
                <line number="48" hits="1" branch="False" />
                <line number="49" hits="36" branch="True" condition-coverage="100% (2/2)">
                  <conditions>
                    <condition number="74" type="jump" coverage="100%" />
                  </conditions>
                </line>
                <line number="50" hits="17" branch="False" />
                <line number="51" hits="17" branch="True" condition-coverage="100% (2/2)">
                  <conditions>
                    <condition number="42" type="jump" coverage="100%" />
                  </conditions>
                </line>
                <line number="52" hits="9" branch="False" />
                <line number="53" hits="17" branch="False" />
                <line number="54" hits="1" branch="False" />
                <line number="55" hits="1" branch="False" />
              </lines>
            </method>
          </methods>
          <lines>
            <line number="9" hits="6" branch="False" />
            <line number="10" hits="6" branch="True" condition-coverage="100% (4/4)">
              <conditions>
                <condition number="2" type="jump" coverage="100%" />
                <condition number="21" type="jump" coverage="100%" />
              </conditions>
            </line>
            <line number="11" hits="3" branch="False" />
            <line number="12" hits="3" branch="False" />
            <line number="13" hits="6" branch="False" />
            <line number="16" hits="1" branch="False" />
            <line number="17" hits="1" branch="False" />
            <line number="18" hits="36" branch="True" condition-coverage="100% (2/2)">
              <conditions>
                <condition number="71" type="jump" coverage="100%" />
              </conditions>
            </line>
            <line number="19" hits="17" branch="False" />
            <line number="20" hits="17" branch="True" condition-coverage="100% (2/2)">
              <conditions>
                <condition number="39" type="jump" coverage="100%" />
              </conditions>
            </line>
            <line number="21" hits="1" branch="False" />
            <line number="22" hits="17" branch="False" />
            <line number="23" hits="1" branch="False" />
            <line number="24" hits="1" branch="False" />
            <line number="26" hits="1" branch="False" />
            <line number="27" hits="1" branch="False" />
            <line number="28" hits="36" branch="True" condition-coverage="100% (2/2)">
              <conditions>
                <condition number="74" type="jump" coverage="100%" />
              </conditions>
            </line>
            <line number="29" hits="17" branch="False" />
            <line number="30" hits="17" branch="True" condition-coverage="50% (1/2)">
              <conditions>
                <condition number="42" type="jump" coverage="50%" />
              </conditions>
            </line>
            <line number="31" hits="0" branch="False" />
            <line number="32" hits="17" branch="False" />
            <line number="33" hits="1" branch="False" />
            <line number="34" hits="1" branch="False" />
            <line number="37" hits="1" branch="False" />
            <line number="38" hits="1" branch="False" />
            <line number="39" hits="36" branch="True" condition-coverage="100% (2/2)">
              <conditions>
                <condition number="71" type="jump" coverage="100%" />
              </conditions>
            </line>
            <line number="40" hits="17" branch="False" />
            <line number="41" hits="17" branch="True" condition-coverage="100% (2/2)">
              <conditions>
                <condition number="39" type="jump" coverage="100%" />
              </conditions>
            </line>
            <line number="42" hits="8" branch="False" />
            <line number="43" hits="17" branch="False" />
            <line number="44" hits="1" branch="False" />
            <line number="45" hits="1" branch="False" />
            <line number="47" hits="1" branch="False" />
            <line number="48" hits="1" branch="False" />
            <line number="49" hits="36" branch="True" condition-coverage="100% (2/2)">
              <conditions>
                <condition number="74" type="jump" coverage="100%" />
              </conditions>
            </line>
            <line number="50" hits="17" branch="False" />
            <line number="51" hits="17" branch="True" condition-coverage="100% (2/2)">
              <conditions>
                <condition number="42" type="jump" coverage="100%" />
              </conditions>
            </line>
            <line number="52" hits="9" branch="False" />
            <line number="53" hits="17" branch="False" />
            <line number="54" hits="1" branch="False" />
            <line number="55" hits="1" branch="False" />
          </lines>
        </class>
        <class name="AssistAPurchase.Repository.AlertRepository" filename="Repository\AlertRepository.cs" line-rate="1" branch-rate="1" complexity="6">
          <methods>
            <method name="Add" signature="(AssistAPurchase.Models.AlertModel)" line-rate="1" branch-rate="1" complexity="1">
              <lines>
                <line number="15" hits="3" branch="False" />
                <line number="17" hits="3" branch="False" />
                <line number="18" hits="3" branch="False" />
              </lines>
            </method>
            <method name="FindByCustomerName" signature="(System.String)" line-rate="1" branch-rate="1" complexity="4">
              <lines>
                <line number="19" hits="2" branch="False" />
                <line number="21" hits="6" branch="True" condition-coverage="100% (2/2)">
                  <conditions>
                    <condition number="66" type="jump" coverage="100%" />
                  </conditions>
                </line>
                <line number="22" hits="2" branch="False" />
                <line number="23" hits="2" branch="True" condition-coverage="100% (2/2)">
                  <conditions>
                    <condition number="30" type="jump" coverage="100%" />
                  </conditions>
                </line>
                <line number="24" hits="1" branch="False" />
                <line number="25" hits="1" branch="False" />
                <line number="26" hits="1" branch="False" />
                <line number="27" hits="2" branch="False" />
              </lines>
            </method>
            <method name=".ctor" signature="()" line-rate="1" branch-rate="1" complexity="1">
              <lines>
                <line number="11" hits="12" branch="False" />
                <line number="13" hits="6" branch="False" />
                <line number="14" hits="6" branch="False" />
              </lines>
            </method>
          </methods>
          <lines>
            <line number="15" hits="3" branch="False" />
            <line number="17" hits="3" branch="False" />
            <line number="18" hits="3" branch="False" />
            <line number="19" hits="2" branch="False" />
            <line number="21" hits="6" branch="True" condition-coverage="100% (2/2)">
              <conditions>
                <condition number="66" type="jump" coverage="100%" />
              </conditions>
            </line>
            <line number="22" hits="2" branch="False" />
            <line number="23" hits="2" branch="True" condition-coverage="100% (2/2)">
              <conditions>
                <condition number="30" type="jump" coverage="100%" />
              </conditions>
            </line>
            <line number="24" hits="1" branch="False" />
            <line number="25" hits="1" branch="False" />
            <line number="26" hits="1" branch="False" />
            <line number="27" hits="2" branch="False" />
            <line number="11" hits="12" branch="False" />
            <line number="13" hits="6" branch="False" />
            <line number="14" hits="6" branch="False" />
          </lines>
        </class>
        <class name="AssistAPurchase.Repository.MonitoringProductRepository" filename="Repository\MonitoringProductRepository.cs" line-rate="0.975" branch-rate="0.9285" complexity="16">
          <methods>
            <method name="GetAll" signature="()" line-rate="1" branch-rate="1" complexity="1">
              <lines>
                <line number="18" hits="5" branch="False" />
                <line number="19" hits="5" branch="False" />
                <line number="20" hits="5" branch="False" />
              </lines>
            </method>
            <method name="Add" signature="(AssistAPurchase.Models.MonitoringItems)" line-rate="1" branch-rate="1" complexity="1">
              <lines>
                <line number="23" hits="545" branch="False" />
                <line number="24" hits="545" branch="False" />
                <line number="25" hits="545" branch="False" />
              </lines>
            </method>
            <method name="Find" signature="(System.String)" line-rate="1" branch-rate="1" complexity="4">
              <lines>
                <line number="28" hits="10" branch="False" />
                <line number="29" hits="142" branch="True" condition-coverage="100% (2/2)">
                  <conditions>
                    <condition number="67" type="jump" coverage="100%" />
                  </conditions>
                </line>
                <line number="30" hits="68" branch="True" condition-coverage="100% (2/2)">
                  <conditions>
                    <condition number="30" type="jump" coverage="100%" />
                  </conditions>
                </line>
                <line number="31" hits="7" branch="False" />
                <line number="32" hits="3" branch="False" />
                <line number="33" hits="10" branch="False" />
              </lines>
            </method>
            <method name="Remove" signature="(System.String)" line-rate="1" branch-rate="1" complexity="4">
              <lines>
                <line number="36" hits="3" branch="False" />
                <line number="37" hits="76" branch="True" condition-coverage="100% (2/2)">
                  <conditions>
                    <condition number="91" type="jump" coverage="100%" />
                  </conditions>
                </line>
                <line number="38" hits="37" branch="True" condition-coverage="100% (2/2)">
                  <conditions>
                    <condition number="30" type="jump" coverage="100%" />
                  </conditions>
                </line>
                <line number="39" hits="2" branch="False" />
                <line number="40" hits="2" branch="False" />
                <line number="41" hits="2" branch="False" />
                <line number="42" hits="2" branch="False" />
                <line number="43" hits="2" branch="False" />
                <line number="46" hits="1" branch="False" />
                <line number="47" hits="3" branch="False" />
              </lines>
            </method>
            <method name="Update" signature="(AssistAPurchase.Models.MonitoringItems)" line-rate="0.909" branch-rate="0.75" complexity="4">
              <lines>
                <line number="50" hits="1" branch="False" />
                <line number="51" hits="1" branch="False" />
                <line number="53" hits="8" branch="True" condition-coverage="50% (1/2)">
                  <conditions>
                    <condition number="99" type="jump" coverage="50%" />
                  </conditions>
                </line>
                <line number="54" hits="4" branch="True" condition-coverage="100% (2/2)">
                  <conditions>
                    <condition number="37" type="jump" coverage="100%" />
                  </conditions>
                </line>
                <line number="55" hits="1" branch="False" />
                <line number="56" hits="1" branch="False" />
                <line number="57" hits="1" branch="False" />
                <line number="58" hits="1" branch="False" />
                <line number="59" hits="1" branch="False" />
                <line number="61" hits="0" branch="False" />
                <line number="62" hits="1" branch="False" />
              </lines>
            </method>
            <method name=".ctor" signature="()" line-rate="1" branch-rate="1" complexity="2">
              <lines>
                <line number="9" hits="32" branch="False" />
                <line number="10" hits="32" branch="False" />
                <line number="11" hits="32" branch="False" />
                <line number="12" hits="32" branch="False" />
                <line number="13" hits="1152" branch="True" condition-coverage="100% (2/2)">
                  <conditions>
                    <condition number="63" type="jump" coverage="100%" />
                  </conditions>
                </line>
                <line number="14" hits="544" branch="False" />
                <line number="15" hits="32" branch="False" />
              </lines>
            </method>
          </methods>
          <lines>
            <line number="18" hits="5" branch="False" />
            <line number="19" hits="5" branch="False" />
            <line number="20" hits="5" branch="False" />
            <line number="23" hits="545" branch="False" />
            <line number="24" hits="545" branch="False" />
            <line number="25" hits="545" branch="False" />
            <line number="28" hits="10" branch="False" />
            <line number="29" hits="142" branch="True" condition-coverage="100% (2/2)">
              <conditions>
                <condition number="67" type="jump" coverage="100%" />
              </conditions>
            </line>
            <line number="30" hits="68" branch="True" condition-coverage="100% (2/2)">
              <conditions>
                <condition number="30" type="jump" coverage="100%" />
              </conditions>
            </line>
            <line number="31" hits="7" branch="False" />
            <line number="32" hits="3" branch="False" />
            <line number="33" hits="10" branch="False" />
            <line number="36" hits="3" branch="False" />
            <line number="37" hits="76" branch="True" condition-coverage="100% (2/2)">
              <conditions>
                <condition number="91" type="jump" coverage="100%" />
              </conditions>
            </line>
            <line number="38" hits="37" branch="True" condition-coverage="100% (2/2)">
              <conditions>
                <condition number="30" type="jump" coverage="100%" />
              </conditions>
            </line>
            <line number="39" hits="2" branch="False" />
            <line number="40" hits="2" branch="False" />
            <line number="41" hits="2" branch="False" />
            <line number="42" hits="2" branch="False" />
            <line number="43" hits="2" branch="False" />
            <line number="46" hits="1" branch="False" />
            <line number="47" hits="3" branch="False" />
            <line number="50" hits="1" branch="False" />
            <line number="51" hits="1" branch="False" />
            <line number="53" hits="8" branch="True" condition-coverage="50% (1/2)">
              <conditions>
                <condition number="99" type="jump" coverage="50%" />
              </conditions>
            </line>
            <line number="54" hits="4" branch="True" condition-coverage="100% (2/2)">
              <conditions>
                <condition number="37" type="jump" coverage="100%" />
              </conditions>
            </line>
            <line number="55" hits="1" branch="False" />
            <line number="56" hits="1" branch="False" />
            <line number="57" hits="1" branch="False" />
            <line number="58" hits="1" branch="False" />
            <line number="59" hits="1" branch="False" />
            <line number="61" hits="0" branch="False" />
            <line number="62" hits="1" branch="False" />
            <line number="9" hits="32" branch="False" />
            <line number="10" hits="32" branch="False" />
            <line number="11" hits="32" branch="False" />
            <line number="12" hits="32" branch="False" />
            <line number="13" hits="1152" branch="True" condition-coverage="100% (2/2)">
              <conditions>
                <condition number="63" type="jump" coverage="100%" />
              </conditions>
            </line>
            <line number="14" hits="544" branch="False" />
            <line number="15" hits="32" branch="False" />
          </lines>
        </class>
        <class name="AssistAPurchase.Repository.RespondToQuestionRepository" filename="Repository\RespondToQuestionRepository.cs" line-rate="1" branch-rate="1" complexity="51">
          <methods>
            <method name="GetAllProduct" signature="()" line-rate="1" branch-rate="1" complexity="1">
              <lines>
                <line number="11" hits="2" branch="False" />
                <line number="12" hits="2" branch="False" />
                <line number="13" hits="2" branch="False" />
              </lines>
            </method>
            <method name="FindByCompactCategory" signature="(System.String)" line-rate="1" branch-rate="1" complexity="4">
              <lines>
                <line number="15" hits="3" branch="False" />
                <line number="16" hits="3" branch="False" />
                <line number="17" hits="108" branch="True" condition-coverage="100% (2/2)">
                  <conditions>
                    <condition number="81" type="jump" coverage="100%" />
                  </conditions>
                </line>
                <line number="18" hits="51" branch="False" />
                <line number="19" hits="51" branch="True" condition-coverage="100% (2/2)">
                  <conditions>
                    <condition number="37" type="jump" coverage="100%" />
                  </conditions>
                </line>
                <line number="20" hits="17" branch="False" />
                <line number="21" hits="17" branch="False" />
                <line number="22" hits="17" branch="False" />
                <line number="23" hits="51" branch="False" />
                <line number="24" hits="3" branch="False" />
                <line number="25" hits="3" branch="False" />
              </lines>
            </method>
            <method name="GetDescription" signature="(System.String)" line-rate="1" branch-rate="1" complexity="2">
              <lines>
                <line number="28" hits="5" branch="False" />
                <line number="29" hits="5" branch="False" />
                <line number="30" hits="5" branch="True" condition-coverage="100% (2/2)">
                  <conditions>
                    <condition number="15" type="jump" coverage="100%" />
                  </conditions>
                </line>
                <line number="31" hits="1" branch="False" />
                <line number="32" hits="4" branch="False" />
                <line number="33" hits="5" branch="False" />
              </lines>
            </method>
            <method name="FindByProductSpecificTrainingCategory" signature="(System.String)" line-rate="1" branch-rate="1" complexity="4">
              <lines>
                <line number="36" hits="1" branch="False" />
                <line number="37" hits="1" branch="False" />
                <line number="38" hits="36" branch="True" condition-coverage="100% (2/2)">
                  <conditions>
                    <condition number="81" type="jump" coverage="100%" />
                  </conditions>
                </line>
                <line number="39" hits="17" branch="False" />
                <line number="40" hits="17" branch="True" condition-coverage="100% (2/2)">
                  <conditions>
                    <condition number="37" type="jump" coverage="100%" />
                  </conditions>
                </line>
                <line number="41" hits="9" branch="False" />
                <line number="42" hits="9" branch="False" />
                <line number="43" hits="9" branch="False" />
                <line number="44" hits="17" branch="False" />
                <line number="45" hits="1" branch="False" />
                <line number="46" hits="1" branch="False" />
              </lines>
            </method>
            <method name="FindByPriceCategory" signature="(System.String,System.String)" line-rate="1" branch-rate="1" complexity="2">
              <lines>
                <line number="49" hits="2" branch="False" />
                <line number="50" hits="2" branch="True" condition-coverage="100% (2/2)">
                  <conditions>
                    <condition number="14" type="jump" coverage="100%" />
                  </conditions>
                </line>
                <line number="51" hits="1" branch="False" />
                <line number="52" hits="1" branch="False" />
                <line number="53" hits="2" branch="False" />
              </lines>
            </method>
            <method name="FindByWearableCategory" signature="(System.String)" line-rate="1" branch-rate="1" complexity="4">
              <lines>
                <line number="54" hits="1" branch="False" />
                <line number="56" hits="1" branch="False" />
                <line number="57" hits="36" branch="True" condition-coverage="100% (2/2)">
                  <conditions>
                    <condition number="81" type="jump" coverage="100%" />
                  </conditions>
                </line>
                <line number="58" hits="17" branch="False" />
                <line number="59" hits="17" branch="True" condition-coverage="100% (2/2)">
                  <conditions>
                    <condition number="37" type="jump" coverage="100%" />
                  </conditions>
                </line>
                <line number="60" hits="4" branch="False" />
                <line number="61" hits="4" branch="False" />
                <line number="62" hits="4" branch="False" />
                <line number="63" hits="17" branch="False" />
                <line number="64" hits="1" branch="False" />
                <line number="65" hits="1" branch="False" />
              </lines>
            </method>
            <method name="FindBySoftwareUpdateSupportCategory" signature="(System.String)" line-rate="1" branch-rate="1" complexity="4">
              <lines>
                <line number="68" hits="1" branch="False" />
                <line number="69" hits="1" branch="False" />
                <line number="70" hits="36" branch="True" condition-coverage="100% (2/2)">
                  <conditions>
                    <condition number="81" type="jump" coverage="100%" />
                  </conditions>
                </line>
                <line number="71" hits="17" branch="False" />
                <line number="72" hits="17" branch="True" condition-coverage="100% (2/2)">
                  <conditions>
                    <condition number="37" type="jump" coverage="100%" />
                  </conditions>
                </line>
                <line number="73" hits="8" branch="False" />
                <line number="74" hits="8" branch="False" />
                <line number="75" hits="8" branch="False" />
                <line number="76" hits="17" branch="False" />
                <line number="77" hits="1" branch="False" />
                <line number="78" hits="1" branch="False" />
              </lines>
            </method>
            <method name="FindByPortabilityCategory" signature="(System.String)" line-rate="1" branch-rate="1" complexity="4">
              <lines>
                <line number="81" hits="1" branch="False" />
                <line number="82" hits="1" branch="False" />
                <line number="83" hits="36" branch="True" condition-coverage="100% (2/2)">
                  <conditions>
                    <condition number="81" type="jump" coverage="100%" />
                  </conditions>
                </line>
                <line number="84" hits="17" branch="False" />
                <line number="85" hits="17" branch="True" condition-coverage="100% (2/2)">
                  <conditions>
                    <condition number="37" type="jump" coverage="100%" />
                  </conditions>
                </line>
                <line number="86" hits="5" branch="False" />
                <line number="87" hits="5" branch="False" />
                <line number="88" hits="5" branch="False" />
                <line number="89" hits="17" branch="False" />
                <line number="90" hits="1" branch="False" />
                <line number="91" hits="1" branch="False" />
              </lines>
            </method>
            <method name="FindByBatterySupportCategory" signature="(System.String)" line-rate="1" branch-rate="1" complexity="4">
              <lines>
                <line number="93" hits="1" branch="False" />
                <line number="94" hits="1" branch="False" />
                <line number="95" hits="36" branch="True" condition-coverage="100% (2/2)">
                  <conditions>
                    <condition number="81" type="jump" coverage="100%" />
                  </conditions>
                </line>
                <line number="96" hits="17" branch="False" />
                <line number="97" hits="17" branch="True" condition-coverage="100% (2/2)">
                  <conditions>
                    <condition number="37" type="jump" coverage="100%" />
                  </conditions>
                </line>
                <line number="98" hits="12" branch="False" />
                <line number="99" hits="12" branch="False" />
                <line number="100" hits="12" branch="False" />
                <line number="101" hits="17" branch="False" />
                <line number="102" hits="1" branch="False" />
                <line number="103" hits="1" branch="False" />
              </lines>
            </method>
            <method name="FindByThirdPartyDeviceSupportCategory" signature="(System.String)" line-rate="1" branch-rate="1" complexity="4">
              <lines>
                <line number="106" hits="1" branch="False" />
                <line number="107" hits="1" branch="False" />
                <line number="108" hits="36" branch="True" condition-coverage="100% (2/2)">
                  <conditions>
                    <condition number="81" type="jump" coverage="100%" />
                  </conditions>
                </line>
                <line number="109" hits="17" branch="False" />
                <line number="110" hits="17" branch="True" condition-coverage="100% (2/2)">
                  <conditions>
                    <condition number="37" type="jump" coverage="100%" />
                  </conditions>
                </line>
                <line number="111" hits="9" branch="False" />
                <line number="112" hits="9" branch="False" />
                <line number="113" hits="9" branch="False" />
                <line number="114" hits="17" branch="False" />
                <line number="115" hits="1" branch="False" />
                <line number="116" hits="1" branch="False" />
              </lines>
            </method>
            <method name="FindBySafeToFlyCertificationCategory" signature="(System.String)" line-rate="1" branch-rate="1" complexity="4">
              <lines>
                <line number="119" hits="1" branch="False" />
                <line number="120" hits="1" branch="False" />
                <line number="121" hits="36" branch="True" condition-coverage="100% (2/2)">
                  <conditions>
                    <condition number="81" type="jump" coverage="100%" />
                  </conditions>
                </line>
                <line number="122" hits="17" branch="False" />
                <line number="123" hits="17" branch="True" condition-coverage="100% (2/2)">
                  <conditions>
                    <condition number="37" type="jump" coverage="100%" />
                  </conditions>
                </line>
                <line number="124" hits="13" branch="False" />
                <line number="125" hits="13" branch="False" />
                <line number="126" hits="13" branch="False" />
                <line number="127" hits="17" branch="False" />
                <line number="128" hits="1" branch="False" />
                <line number="129" hits="1" branch="False" />
              </lines>
            </method>
            <method name="FindByTouchScreenSupportCategory" signature="(System.String)" line-rate="1" branch-rate="1" complexity="4">
              <lines>
                <line number="131" hits="1" branch="False" />
                <line number="132" hits="1" branch="False" />
                <line number="133" hits="36" branch="True" condition-coverage="100% (2/2)">
                  <conditions>
                    <condition number="81" type="jump" coverage="100%" />
                  </conditions>
                </line>
                <line number="134" hits="17" branch="False" />
                <line number="135" hits="17" branch="True" condition-coverage="100% (2/2)">
                  <conditions>
                    <condition number="37" type="jump" coverage="100%" />
                  </conditions>
                </line>
                <line number="136" hits="17" branch="False" />
                <line number="137" hits="17" branch="False" />
                <line number="138" hits="17" branch="False" />
                <line number="139" hits="17" branch="False" />
                <line number="140" hits="1" branch="False" />
                <line number="141" hits="1" branch="False" />
              </lines>
            </method>
            <method name="FindByScreenSizeCategory" signature="(System.String,System.String)" line-rate="1" branch-rate="1" complexity="2">
              <lines>
                <line number="144" hits="2" branch="False" />
                <line number="145" hits="2" branch="True" condition-coverage="100% (2/2)">
                  <conditions>
                    <condition number="14" type="jump" coverage="100%" />
                  </conditions>
                </line>
                <line number="146" hits="1" branch="False" />
                <line number="147" hits="1" branch="False" />
                <line number="148" hits="2" branch="False" />
              </lines>
            </method>
            <method name="FindByMultiPatientSupportCategory" signature="(System.String)" line-rate="1" branch-rate="1" complexity="4">
              <lines>
                <line number="151" hits="1" branch="False" />
                <line number="152" hits="1" branch="False" />
                <line number="153" hits="36" branch="True" condition-coverage="100% (2/2)">
                  <conditions>
                    <condition number="81" type="jump" coverage="100%" />
                  </conditions>
                </line>
                <line number="154" hits="17" branch="False" />
                <line number="155" hits="17" branch="True" condition-coverage="100% (2/2)">
                  <conditions>
                    <condition number="37" type="jump" coverage="100%" />
                  </conditions>
                </line>
                <line number="156" hits="4" branch="False" />
                <line number="157" hits="4" branch="False" />
                <line number="158" hits="4" branch="False" />
                <line number="159" hits="17" branch="False" />
                <line number="160" hits="1" branch="False" />
                <line number="161" hits="1" branch="False" />
              </lines>
            </method>
            <method name="FindByCyberSecuritytCategory" signature="(System.String)" line-rate="1" branch-rate="1" complexity="4">
              <lines>
                <line number="164" hits="1" branch="False" />
                <line number="165" hits="1" branch="False" />
                <line number="166" hits="36" branch="True" condition-coverage="100% (2/2)">
                  <conditions>
                    <condition number="81" type="jump" coverage="100%" />
                  </conditions>
                </line>
                <line number="167" hits="17" branch="False" />
                <line number="168" hits="17" branch="True" condition-coverage="100% (2/2)">
                  <conditions>
                    <condition number="37" type="jump" coverage="100%" />
                  </conditions>
                </line>
                <line number="169" hits="1" branch="False" />
                <line number="170" hits="1" branch="False" />
                <line number="171" hits="1" branch="False" />
                <line number="172" hits="17" branch="False" />
                <line number="173" hits="1" branch="False" />
                <line number="174" hits="1" branch="False" />
              </lines>
            </method>
          </methods>
          <lines>
            <line number="11" hits="2" branch="False" />
            <line number="12" hits="2" branch="False" />
            <line number="13" hits="2" branch="False" />
            <line number="15" hits="3" branch="False" />
            <line number="16" hits="3" branch="False" />
            <line number="17" hits="108" branch="True" condition-coverage="100% (2/2)">
              <conditions>
                <condition number="81" type="jump" coverage="100%" />
              </conditions>
            </line>
            <line number="18" hits="51" branch="False" />
            <line number="19" hits="51" branch="True" condition-coverage="100% (2/2)">
              <conditions>
                <condition number="37" type="jump" coverage="100%" />
              </conditions>
            </line>
            <line number="20" hits="17" branch="False" />
            <line number="21" hits="17" branch="False" />
            <line number="22" hits="17" branch="False" />
            <line number="23" hits="51" branch="False" />
            <line number="24" hits="3" branch="False" />
            <line number="25" hits="3" branch="False" />
            <line number="28" hits="5" branch="False" />
            <line number="29" hits="5" branch="False" />
            <line number="30" hits="5" branch="True" condition-coverage="100% (2/2)">
              <conditions>
                <condition number="15" type="jump" coverage="100%" />
              </conditions>
            </line>
            <line number="31" hits="1" branch="False" />
            <line number="32" hits="4" branch="False" />
            <line number="33" hits="5" branch="False" />
            <line number="36" hits="1" branch="False" />
            <line number="37" hits="1" branch="False" />
            <line number="38" hits="36" branch="True" condition-coverage="100% (2/2)">
              <conditions>
                <condition number="81" type="jump" coverage="100%" />
              </conditions>
            </line>
            <line number="39" hits="17" branch="False" />
            <line number="40" hits="17" branch="True" condition-coverage="100% (2/2)">
              <conditions>
                <condition number="37" type="jump" coverage="100%" />
              </conditions>
            </line>
            <line number="41" hits="9" branch="False" />
            <line number="42" hits="9" branch="False" />
            <line number="43" hits="9" branch="False" />
            <line number="44" hits="17" branch="False" />
            <line number="45" hits="1" branch="False" />
            <line number="46" hits="1" branch="False" />
            <line number="49" hits="2" branch="False" />
            <line number="50" hits="2" branch="True" condition-coverage="100% (2/2)">
              <conditions>
                <condition number="14" type="jump" coverage="100%" />
              </conditions>
            </line>
            <line number="51" hits="1" branch="False" />
            <line number="52" hits="1" branch="False" />
            <line number="53" hits="2" branch="False" />
            <line number="54" hits="1" branch="False" />
            <line number="56" hits="1" branch="False" />
            <line number="57" hits="36" branch="True" condition-coverage="100% (2/2)">
              <conditions>
                <condition number="81" type="jump" coverage="100%" />
              </conditions>
            </line>
            <line number="58" hits="17" branch="False" />
            <line number="59" hits="17" branch="True" condition-coverage="100% (2/2)">
              <conditions>
                <condition number="37" type="jump" coverage="100%" />
              </conditions>
            </line>
            <line number="60" hits="4" branch="False" />
            <line number="61" hits="4" branch="False" />
            <line number="62" hits="4" branch="False" />
            <line number="63" hits="17" branch="False" />
            <line number="64" hits="1" branch="False" />
            <line number="65" hits="1" branch="False" />
            <line number="68" hits="1" branch="False" />
            <line number="69" hits="1" branch="False" />
            <line number="70" hits="36" branch="True" condition-coverage="100% (2/2)">
              <conditions>
                <condition number="81" type="jump" coverage="100%" />
              </conditions>
            </line>
            <line number="71" hits="17" branch="False" />
            <line number="72" hits="17" branch="True" condition-coverage="100% (2/2)">
              <conditions>
                <condition number="37" type="jump" coverage="100%" />
              </conditions>
            </line>
            <line number="73" hits="8" branch="False" />
            <line number="74" hits="8" branch="False" />
            <line number="75" hits="8" branch="False" />
            <line number="76" hits="17" branch="False" />
            <line number="77" hits="1" branch="False" />
            <line number="78" hits="1" branch="False" />
            <line number="81" hits="1" branch="False" />
            <line number="82" hits="1" branch="False" />
            <line number="83" hits="36" branch="True" condition-coverage="100% (2/2)">
              <conditions>
                <condition number="81" type="jump" coverage="100%" />
              </conditions>
            </line>
            <line number="84" hits="17" branch="False" />
            <line number="85" hits="17" branch="True" condition-coverage="100% (2/2)">
              <conditions>
                <condition number="37" type="jump" coverage="100%" />
              </conditions>
            </line>
            <line number="86" hits="5" branch="False" />
            <line number="87" hits="5" branch="False" />
            <line number="88" hits="5" branch="False" />
            <line number="89" hits="17" branch="False" />
            <line number="90" hits="1" branch="False" />
            <line number="91" hits="1" branch="False" />
            <line number="93" hits="1" branch="False" />
            <line number="94" hits="1" branch="False" />
            <line number="95" hits="36" branch="True" condition-coverage="100% (2/2)">
              <conditions>
                <condition number="81" type="jump" coverage="100%" />
              </conditions>
            </line>
            <line number="96" hits="17" branch="False" />
            <line number="97" hits="17" branch="True" condition-coverage="100% (2/2)">
              <conditions>
                <condition number="37" type="jump" coverage="100%" />
              </conditions>
            </line>
            <line number="98" hits="12" branch="False" />
            <line number="99" hits="12" branch="False" />
            <line number="100" hits="12" branch="False" />
            <line number="101" hits="17" branch="False" />
            <line number="102" hits="1" branch="False" />
            <line number="103" hits="1" branch="False" />
            <line number="106" hits="1" branch="False" />
            <line number="107" hits="1" branch="False" />
            <line number="108" hits="36" branch="True" condition-coverage="100% (2/2)">
              <conditions>
                <condition number="81" type="jump" coverage="100%" />
              </conditions>
            </line>
            <line number="109" hits="17" branch="False" />
            <line number="110" hits="17" branch="True" condition-coverage="100% (2/2)">
              <conditions>
                <condition number="37" type="jump" coverage="100%" />
              </conditions>
            </line>
            <line number="111" hits="9" branch="False" />
            <line number="112" hits="9" branch="False" />
            <line number="113" hits="9" branch="False" />
            <line number="114" hits="17" branch="False" />
            <line number="115" hits="1" branch="False" />
            <line number="116" hits="1" branch="False" />
            <line number="119" hits="1" branch="False" />
            <line number="120" hits="1" branch="False" />
            <line number="121" hits="36" branch="True" condition-coverage="100% (2/2)">
              <conditions>
                <condition number="81" type="jump" coverage="100%" />
              </conditions>
            </line>
            <line number="122" hits="17" branch="False" />
            <line number="123" hits="17" branch="True" condition-coverage="100% (2/2)">
              <conditions>
                <condition number="37" type="jump" coverage="100%" />
              </conditions>
            </line>
            <line number="124" hits="13" branch="False" />
            <line number="125" hits="13" branch="False" />
            <line number="126" hits="13" branch="False" />
            <line number="127" hits="17" branch="False" />
            <line number="128" hits="1" branch="False" />
            <line number="129" hits="1" branch="False" />
            <line number="131" hits="1" branch="False" />
            <line number="132" hits="1" branch="False" />
            <line number="133" hits="36" branch="True" condition-coverage="100% (2/2)">
              <conditions>
                <condition number="81" type="jump" coverage="100%" />
              </conditions>
            </line>
            <line number="134" hits="17" branch="False" />
            <line number="135" hits="17" branch="True" condition-coverage="100% (2/2)">
              <conditions>
                <condition number="37" type="jump" coverage="100%" />
              </conditions>
            </line>
            <line number="136" hits="17" branch="False" />
            <line number="137" hits="17" branch="False" />
            <line number="138" hits="17" branch="False" />
            <line number="139" hits="17" branch="False" />
            <line number="140" hits="1" branch="False" />
            <line number="141" hits="1" branch="False" />
            <line number="144" hits="2" branch="False" />
            <line number="145" hits="2" branch="True" condition-coverage="100% (2/2)">
              <conditions>
                <condition number="14" type="jump" coverage="100%" />
              </conditions>
            </line>
            <line number="146" hits="1" branch="False" />
            <line number="147" hits="1" branch="False" />
            <line number="148" hits="2" branch="False" />
            <line number="151" hits="1" branch="False" />
            <line number="152" hits="1" branch="False" />
            <line number="153" hits="36" branch="True" condition-coverage="100% (2/2)">
              <conditions>
                <condition number="81" type="jump" coverage="100%" />
              </conditions>
            </line>
            <line number="154" hits="17" branch="False" />
            <line number="155" hits="17" branch="True" condition-coverage="100% (2/2)">
              <conditions>
                <condition number="37" type="jump" coverage="100%" />
              </conditions>
            </line>
            <line number="156" hits="4" branch="False" />
            <line number="157" hits="4" branch="False" />
            <line number="158" hits="4" branch="False" />
            <line number="159" hits="17" branch="False" />
            <line number="160" hits="1" branch="False" />
            <line number="161" hits="1" branch="False" />
            <line number="164" hits="1" branch="False" />
            <line number="165" hits="1" branch="False" />
            <line number="166" hits="36" branch="True" condition-coverage="100% (2/2)">
              <conditions>
                <condition number="81" type="jump" coverage="100%" />
              </conditions>
            </line>
            <line number="167" hits="17" branch="False" />
            <line number="168" hits="17" branch="True" condition-coverage="100% (2/2)">
              <conditions>
                <condition number="37" type="jump" coverage="100%" />
              </conditions>
            </line>
            <line number="169" hits="1" branch="False" />
            <line number="170" hits="1" branch="False" />
            <line number="171" hits="1" branch="False" />
            <line number="172" hits="17" branch="False" />
            <line number="173" hits="1" branch="False" />
            <line number="174" hits="1" branch="False" />
          </lines>
        </class>
        <class name="AssistAPurchase.Models.AlertModel" filename="Models\AlertIModel.cs" line-rate="1" branch-rate="1" complexity="6">
          <methods>
            <method name="get_CustomerName" signature="()" line-rate="1" branch-rate="1" complexity="1">
              <lines>
                <line number="10" hits="11" branch="False" />
              </lines>
            </method>
            <method name="get_CustonmerMailId" signature="()" line-rate="1" branch-rate="1" complexity="1">
              <lines>
                <line number="11" hits="8" branch="False" />
              </lines>
            </method>
            <method name="get_ItemPurchased" signature="()" line-rate="1" branch-rate="1" complexity="1">
              <lines>
                <line number="12" hits="9" branch="False" />
              </lines>
            </method>
            <method name="get_CustomerphoneNumber" signature="()" line-rate="1" branch-rate="1" complexity="1">
              <lines>
                <line number="13" hits="8" branch="False" />
              </lines>
            </method>
            <method name="get_Question" signature="()" line-rate="1" branch-rate="1" complexity="1">
              <lines>
                <line number="14" hits="8" branch="False" />
              </lines>
            </method>
            <method name="get_Answer" signature="()" line-rate="1" branch-rate="1" complexity="1">
              <lines>
                <line number="16" hits="11" branch="False" />
              </lines>
            </method>
          </methods>
          <lines>
            <line number="10" hits="11" branch="False" />
            <line number="11" hits="8" branch="False" />
            <line number="12" hits="9" branch="False" />
            <line number="13" hits="8" branch="False" />
            <line number="14" hits="8" branch="False" />
            <line number="16" hits="11" branch="False" />
          </lines>
        </class>
        <class name="AssistAPurchase.Models.MonitoringItems" filename="Models\MonitoringItems.cs" line-rate="1" branch-rate="1" complexity="16">
          <methods>
            <method name="get_ProductNumber" signature="()" line-rate="1" branch-rate="1" complexity="1">
              <lines>
                <line number="5" hits="664" branch="False" />
              </lines>
            </method>
            <method name="get_ProductName" signature="()" line-rate="1" branch-rate="1" complexity="1">
              <lines>
                <line number="6" hits="549" branch="False" />
              </lines>
            </method>
            <method name="get_Description" signature="()" line-rate="1" branch-rate="1" complexity="1">
              <lines>
                <line number="7" hits="548" branch="False" />
              </lines>
            </method>
            <method name="get_ProductSpecficTraining" signature="()" line-rate="1" branch-rate="1" complexity="1">
              <lines>
                <line number="8" hits="561" branch="False" />
              </lines>
            </method>
            <method name="get_Price" signature="()" line-rate="1" branch-rate="1" complexity="1">
              <lines>
                <line number="9" hits="578" branch="False" />
              </lines>
            </method>
            <method name="get_Wearable" signature="()" line-rate="1" branch-rate="1" complexity="1">
              <lines>
                <line number="10" hits="561" branch="False" />
              </lines>
            </method>
            <method name="get_SoftwareUpdateSupport" signature="()" line-rate="1" branch-rate="1" complexity="1">
              <lines>
                <line number="11" hits="561" branch="False" />
              </lines>
            </method>
            <method name="get_Portability" signature="()" line-rate="1" branch-rate="1" complexity="1">
              <lines>
                <line number="12" hits="561" branch="False" />
              </lines>
            </method>
            <method name="get_Compact" signature="()" line-rate="1" branch-rate="1" complexity="1">
              <lines>
                <line number="13" hits="595" branch="False" />
              </lines>
            </method>
            <method name="get_BatterySupport" signature="()" line-rate="1" branch-rate="1" complexity="1">
              <lines>
                <line number="14" hits="561" branch="False" />
              </lines>
            </method>
            <method name="get_ThirdPartyDeviceSupport" signature="()" line-rate="1" branch-rate="1" complexity="1">
              <lines>
                <line number="15" hits="561" branch="False" />
              </lines>
            </method>
            <method name="get_SafeToFlyCertification" signature="()" line-rate="1" branch-rate="1" complexity="1">
              <lines>
                <line number="16" hits="561" branch="False" />
              </lines>
            </method>
            <method name="get_TouchScreenSupport" signature="()" line-rate="1" branch-rate="1" complexity="1">
              <lines>
                <line number="17" hits="561" branch="False" />
              </lines>
            </method>
            <method name="get_ScreenSize" signature="()" line-rate="1" branch-rate="1" complexity="1">
              <lines>
                <line number="18" hits="578" branch="False" />
              </lines>
            </method>
            <method name="get_MultiPatientSupport" signature="()" line-rate="1" branch-rate="1" complexity="1">
              <lines>
                <line number="19" hits="561" branch="False" />
              </lines>
            </method>
            <method name="get_CyberSecurity" signature="()" line-rate="1" branch-rate="1" complexity="1">
              <lines>
                <line number="20" hits="561" branch="False" />
              </lines>
            </method>
          </methods>
          <lines>
            <line number="5" hits="664" branch="False" />
            <line number="6" hits="549" branch="False" />
            <line number="7" hits="548" branch="False" />
            <line number="8" hits="561" branch="False" />
            <line number="9" hits="578" branch="False" />
            <line number="10" hits="561" branch="False" />
            <line number="11" hits="561" branch="False" />
            <line number="12" hits="561" branch="False" />
            <line number="13" hits="595" branch="False" />
            <line number="14" hits="561" branch="False" />
            <line number="15" hits="561" branch="False" />
            <line number="16" hits="561" branch="False" />
            <line number="17" hits="561" branch="False" />
            <line number="18" hits="578" branch="False" />
            <line number="19" hits="561" branch="False" />
            <line number="20" hits="561" branch="False" />
          </lines>
        </class>
        <class name="AssistAPurchase.Controllers.AlertController" filename="Controllers\AlertController.cs" line-rate="1" branch-rate="1" complexity="8">
          <methods>
            <method name="get_Alerts" signature="()" line-rate="1" branch-rate="1" complexity="1">
              <lines>
                <line number="11" hits="11" branch="False" />
              </lines>
            </method>
            <method name="SendAlert" signature="(AssistAPurchase.Models.AlertModel)" line-rate="1" branch-rate="1" complexity="2">
              <lines>
                <line number="20" hits="2" branch="False" />
                <line number="22" hits="2" branch="True" condition-coverage="100% (2/2)">
                  <conditions>
                    <condition number="7" type="jump" coverage="100%" />
                  </conditions>
                </line>
                <line number="23" hits="1" branch="False" />
                <line number="24" hits="1" branch="False" />
                <line number="25" hits="1" branch="False" />
                <line number="27" hits="1" branch="False" />
                <line number="28" hits="1" branch="False" />
                <line number="29" hits="2" branch="False" />
              </lines>
            </method>
            <method name="QueryFromCustomer" signature="(AssistAPurchase.Models.AlertModel)" line-rate="1" branch-rate="1" complexity="2">
              <lines>
                <line number="33" hits="4" branch="False" />
                <line number="35" hits="4" branch="True" condition-coverage="100% (2/2)">
                  <conditions>
                    <condition number="7" type="jump" coverage="100%" />
                  </conditions>
                </line>
                <line number="36" hits="1" branch="False" />
                <line number="37" hits="1" branch="False" />
                <line number="38" hits="1" branch="False" />
                <line number="40" hits="3" branch="False" />
                <line number="41" hits="3" branch="False" />
                <line number="42" hits="3" branch="False" />
                <line number="43" hits="4" branch="False" />
              </lines>
            </method>
            <method name="AnswerFromPhilipsPersonnel" signature="(System.String,AssistAPurchase.Models.AlertModel)" line-rate="1" branch-rate="1" complexity="2">
              <lines>
                <line number="47" hits="2" branch="False" />
                <line number="48" hits="2" branch="False" />
                <line number="49" hits="2" branch="True" condition-coverage="100% (2/2)">
                  <conditions>
                    <condition number="20" type="jump" coverage="100%" />
                  </conditions>
                </line>
                <line number="50" hits="1" branch="False" />
                <line number="51" hits="1" branch="False" />
                <line number="52" hits="1" branch="False" />
                <line number="53" hits="2" branch="False" />
              </lines>
            </method>
            <method name=".ctor" signature="(AssistAPurchase.Repository.IAlertRepository)" line-rate="1" branch-rate="1" complexity="1">
              <lines>
                <line number="12" hits="6" branch="False" />
                <line number="13" hits="6" branch="False" />
                <line number="14" hits="6" branch="False" />
                <line number="15" hits="6" branch="False" />
              </lines>
            </method>
          </methods>
          <lines>
            <line number="11" hits="11" branch="False" />
            <line number="20" hits="2" branch="False" />
            <line number="22" hits="2" branch="True" condition-coverage="100% (2/2)">
              <conditions>
                <condition number="7" type="jump" coverage="100%" />
              </conditions>
            </line>
            <line number="23" hits="1" branch="False" />
            <line number="24" hits="1" branch="False" />
            <line number="25" hits="1" branch="False" />
            <line number="27" hits="1" branch="False" />
            <line number="28" hits="1" branch="False" />
            <line number="29" hits="2" branch="False" />
            <line number="33" hits="4" branch="False" />
            <line number="35" hits="4" branch="True" condition-coverage="100% (2/2)">
              <conditions>
                <condition number="7" type="jump" coverage="100%" />
              </conditions>
            </line>
            <line number="36" hits="1" branch="False" />
            <line number="37" hits="1" branch="False" />
            <line number="38" hits="1" branch="False" />
            <line number="40" hits="3" branch="False" />
            <line number="41" hits="3" branch="False" />
            <line number="42" hits="3" branch="False" />
            <line number="43" hits="4" branch="False" />
            <line number="47" hits="2" branch="False" />
            <line number="48" hits="2" branch="False" />
            <line number="49" hits="2" branch="True" condition-coverage="100% (2/2)">
              <conditions>
                <condition number="20" type="jump" coverage="100%" />
              </conditions>
            </line>
            <line number="50" hits="1" branch="False" />
            <line number="51" hits="1" branch="False" />
            <line number="52" hits="1" branch="False" />
            <line number="53" hits="2" branch="False" />
            <line number="12" hits="6" branch="False" />
            <line number="13" hits="6" branch="False" />
            <line number="14" hits="6" branch="False" />
            <line number="15" hits="6" branch="False" />
          </lines>
        </class>
        <class name="AssistAPurchase.Controllers.ProductConfigureController" filename="Controllers\ProductConfigureController.cs" line-rate="1" branch-rate="1" complexity="13">
          <methods>
            <method name="get_Products" signature="()" line-rate="1" branch-rate="1" complexity="1">
              <lines>
                <line number="14" hits="27" branch="False" />
              </lines>
            </method>
            <method name="GetAll" signature="()" line-rate="1" branch-rate="1" complexity="1">
              <lines>
                <line number="23" hits="3" branch="False" />
                <line number="24" hits="3" branch="False" />
                <line number="25" hits="3" branch="False" />
                <line number="26" hits="3" branch="False" />
              </lines>
            </method>
            <method name="GetProductByProductNumber" signature="(System.String)" line-rate="1" branch-rate="1" complexity="2">
              <lines>
                <line number="31" hits="3" branch="False" />
                <line number="32" hits="3" branch="False" />
                <line number="33" hits="3" branch="True" condition-coverage="100% (2/2)">
                  <conditions>
                    <condition number="20" type="jump" coverage="100%" />
                  </conditions>
                </line>
                <line number="34" hits="1" branch="False" />
                <line number="35" hits="1" branch="False" />
                <line number="38" hits="2" branch="False" />
                <line number="39" hits="3" branch="False" />
              </lines>
            </method>
            <method name="Create" signature="(System.String,AssistAPurchase.Models.MonitoringItems)" line-rate="1" branch-rate="1" complexity="2">
              <lines>
                <line number="44" hits="2" branch="False" />
                <line number="45" hits="2" branch="True" condition-coverage="100% (2/2)">
                  <conditions>
                    <condition number="10" type="jump" coverage="100%" />
                  </conditions>
                </line>
                <line number="46" hits="1" branch="False" />
                <line number="51" hits="1" branch="False" />
                <line number="52" hits="1" branch="False" />
                <line number="53" hits="2" branch="False" />
              </lines>
            </method>
            <method name="Update" signature="(System.String,AssistAPurchase.Models.MonitoringItems)" line-rate="1" branch-rate="1" complexity="4">
              <lines>
                <line number="58" hits="4" branch="False" />
                <line number="59" hits="4" branch="True" condition-coverage="100% (2/2)">
                  <conditions>
                    <condition number="10" type="jump" coverage="100%" />
                  </conditions>
                </line>
                <line number="60" hits="2" branch="False" />
                <line number="61" hits="2" branch="False" />
                <line number="63" hits="2" branch="True" condition-coverage="100% (2/2)">
                  <conditions>
                    <condition number="40" type="jump" coverage="100%" />
                  </conditions>
                </line>
                <line number="64" hits="1" branch="False" />
                <line number="65" hits="1" branch="False" />
                <line number="67" hits="1" branch="False" />
                <line number="68" hits="1" branch="False" />
                <line number="69" hits="4" branch="False" />
              </lines>
            </method>
            <method name="Delete" signature="(System.String)" line-rate="1" branch-rate="1" complexity="2">
              <lines>
                <line number="75" hits="3" branch="False" />
                <line number="76" hits="3" branch="False" />
                <line number="77" hits="3" branch="True" condition-coverage="100% (2/2)">
                  <conditions>
                    <condition number="20" type="jump" coverage="100%" />
                  </conditions>
                </line>
                <line number="78" hits="1" branch="False" />
                <line number="79" hits="1" branch="False" />
                <line number="81" hits="2" branch="False" />
                <line number="82" hits="3" branch="False" />
              </lines>
            </method>
            <method name=".ctor" signature="(AssistAPurchase.Repository.IMonitoringProductRepository)" line-rate="1" branch-rate="1" complexity="1">
              <lines>
                <line number="15" hits="14" branch="False" />
                <line number="16" hits="14" branch="False" />
                <line number="17" hits="14" branch="False" />
                <line number="18" hits="14" branch="False" />
              </lines>
            </method>
          </methods>
          <lines>
            <line number="14" hits="27" branch="False" />
            <line number="23" hits="3" branch="False" />
            <line number="24" hits="3" branch="False" />
            <line number="25" hits="3" branch="False" />
            <line number="26" hits="3" branch="False" />
            <line number="31" hits="3" branch="False" />
            <line number="32" hits="3" branch="False" />
            <line number="33" hits="3" branch="True" condition-coverage="100% (2/2)">
              <conditions>
                <condition number="20" type="jump" coverage="100%" />
              </conditions>
            </line>
            <line number="34" hits="1" branch="False" />
            <line number="35" hits="1" branch="False" />
            <line number="38" hits="2" branch="False" />
            <line number="39" hits="3" branch="False" />
            <line number="44" hits="2" branch="False" />
            <line number="45" hits="2" branch="True" condition-coverage="100% (2/2)">
              <conditions>
                <condition number="10" type="jump" coverage="100%" />
              </conditions>
            </line>
            <line number="46" hits="1" branch="False" />
            <line number="51" hits="1" branch="False" />
            <line number="52" hits="1" branch="False" />
            <line number="53" hits="2" branch="False" />
            <line number="58" hits="4" branch="False" />
            <line number="59" hits="4" branch="True" condition-coverage="100% (2/2)">
              <conditions>
                <condition number="10" type="jump" coverage="100%" />
              </conditions>
            </line>
            <line number="60" hits="2" branch="False" />
            <line number="61" hits="2" branch="False" />
            <line number="63" hits="2" branch="True" condition-coverage="100% (2/2)">
              <conditions>
                <condition number="40" type="jump" coverage="100%" />
              </conditions>
            </line>
            <line number="64" hits="1" branch="False" />
            <line number="65" hits="1" branch="False" />
            <line number="67" hits="1" branch="False" />
            <line number="68" hits="1" branch="False" />
            <line number="69" hits="4" branch="False" />
            <line number="75" hits="3" branch="False" />
            <line number="76" hits="3" branch="False" />
            <line number="77" hits="3" branch="True" condition-coverage="100% (2/2)">
              <conditions>
                <condition number="20" type="jump" coverage="100%" />
              </conditions>
            </line>
            <line number="78" hits="1" branch="False" />
            <line number="79" hits="1" branch="False" />
            <line number="81" hits="2" branch="False" />
            <line number="82" hits="3" branch="False" />
            <line number="15" hits="14" branch="False" />
            <line number="16" hits="14" branch="False" />
            <line number="17" hits="14" branch="False" />
            <line number="18" hits="14" branch="False" />
          </lines>
        </class>
        <class name="AssistAPurchase.Controllers.RespondToQuestionsController" filename="Controllers\RespondToQuestionsController.cs" line-rate="1" branch-rate="1" complexity="18">
          <methods>
            <method name="get_Products" signature="()" line-rate="1" branch-rate="1" complexity="1">
              <lines>
                <line number="12" hits="42" branch="False" />
              </lines>
            </method>
            <method name="GetAll" signature="()" line-rate="1" branch-rate="1" complexity="1">
              <lines>
                <line number="21" hits="2" branch="False" />
                <line number="22" hits="2" branch="False" />
                <line number="23" hits="2" branch="False" />
                <line number="24" hits="2" branch="False" />
              </lines>
            </method>
            <method name="GetValueByCompactCategory" signature="(System.String)" line-rate="1" branch-rate="1" complexity="1">
              <lines>
                <line number="28" hits="3" branch="False" />
                <line number="29" hits="3" branch="False" />
                <line number="30" hits="3" branch="False" />
              </lines>
            </method>
            <method name="GetDescription" signature="(System.String)" line-rate="1" branch-rate="1" complexity="2">
              <lines>
                <line number="34" hits="3" branch="False" />
                <line number="35" hits="3" branch="False" />
                <line number="37" hits="3" branch="True" condition-coverage="100% (2/2)">
                  <conditions>
                    <condition number="20" type="jump" coverage="100%" />
                  </conditions>
                </line>
                <line number="38" hits="1" branch="False" />
                <line number="40" hits="2" branch="False" />
[...]
                <line number="314" hits="32" branch="False" />
                <line number="315" hits="32" branch="False" />
                <line number="316" hits="32" branch="False" />
                <line number="317" hits="32" branch="False" />
                <line number="318" hits="32" branch="False" />
                <line number="319" hits="32" branch="False" />
                <line number="320" hits="32" branch="False" />
                <line number="321" hits="32" branch="False" />
                <line number="322" hits="32" branch="False" />
                <line number="323" hits="32" branch="False" />
                <line number="324" hits="32" branch="False" />
                <line number="325" hits="32" branch="False" />
                <line number="326" hits="32" branch="False" />
                <line number="327" hits="32" branch="False" />
              </lines>
            </method>
            <method name=".ctor" signature="()" line-rate="1" branch-rate="1" complexity="1">
              <lines>
                <line number="11" hits="64" branch="False" />
                <line number="13" hits="32" branch="False" />
                <line number="14" hits="32" branch="False" />
                <line number="16" hits="32" branch="False" />
              </lines>
            </method>
          </methods>
          <lines>
            <line number="9" hits="96" branch="False" />
            <line number="18" hits="32" branch="False" />
            <line number="19" hits="32" branch="False" />
            <line number="20" hits="32" branch="False" />
            <line number="21" hits="32" branch="False" />
            <line number="22" hits="32" branch="False" />
            <line number="23" hits="32" branch="False" />
            <line number="24" hits="32" branch="False" />
            <line number="25" hits="32" branch="False" />
            <line number="26" hits="32" branch="False" />
            <line number="27" hits="32" branch="False" />
            <line number="28" hits="32" branch="False" />
            <line number="29" hits="32" branch="False" />
            <line number="30" hits="32" branch="False" />
            <line number="31" hits="32" branch="False" />
            <line number="32" hits="32" branch="False" />
            <line number="33" hits="32" branch="False" />
            <line number="34" hits="32" branch="False" />
            <line number="35" hits="32" branch="False" />
            <line number="36" hits="32" branch="False" />
            <line number="37" hits="32" branch="False" />
            <line number="38" hits="32" branch="False" />
            <line number="39" hits="32" branch="False" />
            <line number="40" hits="32" branch="False" />
            <line number="41" hits="32" branch="False" />
            <line number="42" hits="32" branch="False" />
            <line number="43" hits="32" branch="False" />
            <line number="44" hits="32" branch="False" />
            <line number="45" hits="32" branch="False" />
            <line number="46" hits="32" branch="False" />
            <line number="47" hits="32" branch="False" />
            <line number="48" hits="32" branch="False" />
            <line number="49" hits="32" branch="False" />
            <line number="50" hits="32" branch="False" />
            <line number="51" hits="32" branch="False" />
            <line number="52" hits="32" branch="False" />
            <line number="53" hits="32" branch="False" />
            <line number="54" hits="32" branch="False" />
            <line number="55" hits="32" branch="False" />
            <line number="56" hits="32" branch="False" />
            <line number="57" hits="32" branch="False" />
            <line number="58" hits="32" branch="False" />
            <line number="59" hits="32" branch="False" />
            <line number="60" hits="32" branch="False" />
            <line number="61" hits="32" branch="False" />
            <line number="62" hits="32" branch="False" />
            <line number="63" hits="32" branch="False" />
            <line number="64" hits="32" branch="False" />
            <line number="65" hits="32" branch="False" />
            <line number="66" hits="32" branch="False" />
            <line number="67" hits="32" branch="False" />
            <line number="68" hits="32" branch="False" />
            <line number="69" hits="32" branch="False" />
            <line number="70" hits="32" branch="False" />
            <line number="71" hits="32" branch="False" />
            <line number="72" hits="32" branch="False" />
            <line number="73" hits="32" branch="False" />
            <line number="74" hits="32" branch="False" />
            <line number="75" hits="32" branch="False" />
            <line number="76" hits="32" branch="False" />
            <line number="77" hits="32" branch="False" />
            <line number="78" hits="32" branch="False" />
            <line number="79" hits="32" branch="False" />
            <line number="80" hits="32" branch="False" />
            <line number="81" hits="32" branch="False" />
            <line number="82" hits="32" branch="False" />
            <line number="83" hits="32" branch="False" />
            <line number="84" hits="32" branch="False" />
            <line number="85" hits="32" branch="False" />
            <line number="86" hits="32" branch="False" />
            <line number="87" hits="32" branch="False" />
            <line number="88" hits="32" branch="False" />
            <line number="89" hits="32" branch="False" />
            <line number="90" hits="32" branch="False" />
            <line number="91" hits="32" branch="False" />
            <line number="92" hits="32" branch="False" />
            <line number="93" hits="32" branch="False" />
            <line number="94" hits="32" branch="False" />
            <line number="95" hits="32" branch="False" />
            <line number="96" hits="32" branch="False" />
            <line number="97" hits="32" branch="False" />
            <line number="98" hits="32" branch="False" />
            <line number="99" hits="32" branch="False" />
            <line number="100" hits="32" branch="False" />
            <line number="101" hits="32" branch="False" />
            <line number="102" hits="32" branch="False" />
            <line number="103" hits="32" branch="False" />
            <line number="104" hits="32" branch="False" />
            <line number="105" hits="32" branch="False" />
            <line number="106" hits="32" branch="False" />
            <line number="107" hits="32" branch="False" />
            <line number="108" hits="32" branch="False" />
            <line number="109" hits="32" branch="False" />
            <line number="110" hits="32" branch="False" />
            <line number="111" hits="32" branch="False" />
            <line number="112" hits="32" branch="False" />
            <line number="113" hits="32" branch="False" />
            <line number="114" hits="32" branch="False" />
            <line number="115" hits="32" branch="False" />
            <line number="116" hits="32" branch="False" />
            <line number="117" hits="32" branch="False" />
            <line number="118" hits="32" branch="False" />
            <line number="119" hits="32" branch="False" />
            <line number="120" hits="32" branch="False" />
            <line number="121" hits="32" branch="False" />
            <line number="122" hits="32" branch="False" />
            <line number="123" hits="32" branch="False" />
            <line number="124" hits="32" branch="False" />
            <line number="125" hits="32" branch="False" />
            <line number="126" hits="32" branch="False" />
            <line number="127" hits="32" branch="False" />
            <line number="128" hits="32" branch="False" />
            <line number="129" hits="32" branch="False" />
            <line number="130" hits="32" branch="False" />
            <line number="131" hits="32" branch="False" />
            <line number="132" hits="32" branch="False" />
            <line number="133" hits="32" branch="False" />
            <line number="134" hits="32" branch="False" />
            <line number="135" hits="32" branch="False" />
            <line number="136" hits="32" branch="False" />
            <line number="137" hits="32" branch="False" />
            <line number="138" hits="32" branch="False" />
            <line number="139" hits="32" branch="False" />
            <line number="140" hits="32" branch="False" />
            <line number="141" hits="32" branch="False" />
            <line number="142" hits="32" branch="False" />
            <line number="143" hits="32" branch="False" />
            <line number="144" hits="32" branch="False" />
            <line number="145" hits="32" branch="False" />
            <line number="146" hits="32" branch="False" />
            <line number="147" hits="32" branch="False" />
            <line number="148" hits="32" branch="False" />
            <line number="149" hits="32" branch="False" />
            <line number="150" hits="32" branch="False" />
            <line number="151" hits="32" branch="False" />
            <line number="152" hits="32" branch="False" />
            <line number="153" hits="32" branch="False" />
            <line number="154" hits="32" branch="False" />
            <line number="155" hits="32" branch="False" />
            <line number="156" hits="32" branch="False" />
            <line number="157" hits="32" branch="False" />
            <line number="158" hits="32" branch="False" />
            <line number="159" hits="32" branch="False" />
            <line number="160" hits="32" branch="False" />
            <line number="161" hits="32" branch="False" />
            <line number="162" hits="32" branch="False" />
            <line number="163" hits="32" branch="False" />
            <line number="164" hits="32" branch="False" />
            <line number="165" hits="32" branch="False" />
            <line number="166" hits="32" branch="False" />
            <line number="167" hits="32" branch="False" />
            <line number="168" hits="32" branch="False" />
            <line number="169" hits="32" branch="False" />
            <line number="170" hits="32" branch="False" />
            <line number="171" hits="32" branch="False" />
            <line number="172" hits="32" branch="False" />
            <line number="173" hits="32" branch="False" />
            <line number="174" hits="32" branch="False" />
            <line number="175" hits="32" branch="False" />
            <line number="176" hits="32" branch="False" />
            <line number="177" hits="32" branch="False" />
            <line number="178" hits="32" branch="False" />
            <line number="179" hits="32" branch="False" />
            <line number="180" hits="32" branch="False" />
            <line number="181" hits="32" branch="False" />
            <line number="182" hits="32" branch="False" />
            <line number="183" hits="32" branch="False" />
            <line number="184" hits="32" branch="False" />
            <line number="185" hits="32" branch="False" />
            <line number="186" hits="32" branch="False" />
            <line number="187" hits="32" branch="False" />
            <line number="188" hits="32" branch="False" />
            <line number="189" hits="32" branch="False" />
            <line number="190" hits="32" branch="False" />
            <line number="191" hits="32" branch="False" />
            <line number="192" hits="32" branch="False" />
            <line number="193" hits="32" branch="False" />
            <line number="194" hits="32" branch="False" />
            <line number="195" hits="32" branch="False" />
            <line number="196" hits="32" branch="False" />
            <line number="197" hits="32" branch="False" />
            <line number="198" hits="32" branch="False" />
            <line number="199" hits="32" branch="False" />
            <line number="200" hits="32" branch="False" />
            <line number="201" hits="32" branch="False" />
            <line number="202" hits="32" branch="False" />
            <line number="203" hits="32" branch="False" />
            <line number="204" hits="32" branch="False" />
            <line number="205" hits="32" branch="False" />
            <line number="206" hits="32" branch="False" />
            <line number="207" hits="32" branch="False" />
            <line number="208" hits="32" branch="False" />
            <line number="209" hits="32" branch="False" />
            <line number="210" hits="32" branch="False" />
            <line number="211" hits="32" branch="False" />
            <line number="212" hits="32" branch="False" />
            <line number="213" hits="32" branch="False" />
            <line number="214" hits="32" branch="False" />
            <line number="215" hits="32" branch="False" />
            <line number="216" hits="32" branch="False" />
            <line number="217" hits="32" branch="False" />
            <line number="218" hits="32" branch="False" />
            <line number="219" hits="32" branch="False" />
            <line number="220" hits="32" branch="False" />
            <line number="221" hits="32" branch="False" />
            <line number="222" hits="32" branch="False" />
            <line number="223" hits="32" branch="False" />
            <line number="224" hits="32" branch="False" />
            <line number="225" hits="32" branch="False" />
            <line number="226" hits="32" branch="False" />
            <line number="227" hits="32" branch="False" />
            <line number="228" hits="32" branch="False" />
            <line number="229" hits="32" branch="False" />
            <line number="230" hits="32" branch="False" />
            <line number="231" hits="32" branch="False" />
            <line number="232" hits="32" branch="False" />
            <line number="233" hits="32" branch="False" />
            <line number="234" hits="32" branch="False" />
            <line number="235" hits="32" branch="False" />
            <line number="236" hits="32" branch="False" />
            <line number="237" hits="32" branch="False" />
            <line number="238" hits="32" branch="False" />
            <line number="239" hits="32" branch="False" />
            <line number="240" hits="32" branch="False" />
            <line number="241" hits="32" branch="False" />
            <line number="242" hits="32" branch="False" />
            <line number="243" hits="32" branch="False" />
            <line number="244" hits="32" branch="False" />
            <line number="245" hits="32" branch="False" />
            <line number="246" hits="32" branch="False" />
            <line number="247" hits="32" branch="False" />
            <line number="248" hits="32" branch="False" />
            <line number="249" hits="32" branch="False" />
            <line number="250" hits="32" branch="False" />
            <line number="251" hits="32" branch="False" />
            <line number="252" hits="32" branch="False" />
            <line number="253" hits="32" branch="False" />
            <line number="254" hits="32" branch="False" />
            <line number="255" hits="32" branch="False" />
            <line number="256" hits="32" branch="False" />
            <line number="257" hits="32" branch="False" />
            <line number="258" hits="32" branch="False" />
            <line number="259" hits="32" branch="False" />
            <line number="260" hits="32" branch="False" />
            <line number="261" hits="32" branch="False" />
            <line number="262" hits="32" branch="False" />
            <line number="263" hits="32" branch="False" />
            <line number="264" hits="32" branch="False" />
            <line number="265" hits="32" branch="False" />
            <line number="266" hits="32" branch="False" />
            <line number="267" hits="32" branch="False" />
            <line number="268" hits="32" branch="False" />
            <line number="269" hits="32" branch="False" />
            <line number="270" hits="32" branch="False" />
            <line number="271" hits="32" branch="False" />
            <line number="272" hits="32" branch="False" />
            <line number="273" hits="32" branch="False" />
            <line number="274" hits="32" branch="False" />
            <line number="275" hits="32" branch="False" />
            <line number="276" hits="32" branch="False" />
            <line number="277" hits="32" branch="False" />
            <line number="278" hits="32" branch="False" />
            <line number="279" hits="32" branch="False" />
            <line number="280" hits="32" branch="False" />
            <line number="281" hits="32" branch="False" />
            <line number="282" hits="32" branch="False" />
            <line number="283" hits="32" branch="False" />
            <line number="284" hits="32" branch="False" />
            <line number="285" hits="32" branch="False" />
            <line number="286" hits="32" branch="False" />
            <line number="287" hits="32" branch="False" />
            <line number="288" hits="32" branch="False" />
            <line number="289" hits="32" branch="False" />
            <line number="290" hits="32" branch="False" />
            <line number="291" hits="32" branch="False" />
            <line number="292" hits="32" branch="False" />
            <line number="293" hits="32" branch="False" />
            <line number="294" hits="32" branch="False" />
            <line number="295" hits="32" branch="False" />
            <line number="296" hits="32" branch="False" />
            <line number="297" hits="32" branch="False" />
            <line number="298" hits="32" branch="False" />
            <line number="299" hits="32" branch="False" />
            <line number="300" hits="32" branch="False" />
            <line number="301" hits="32" branch="False" />
            <line number="302" hits="32" branch="False" />
            <line number="303" hits="32" branch="False" />
            <line number="304" hits="32" branch="False" />
            <line number="305" hits="32" branch="False" />
            <line number="306" hits="32" branch="False" />
            <line number="307" hits="32" branch="False" />
            <line number="308" hits="32" branch="False" />
            <line number="309" hits="32" branch="False" />
            <line number="310" hits="32" branch="False" />
            <line number="311" hits="32" branch="False" />
            <line number="312" hits="32" branch="False" />
            <line number="313" hits="32" branch="False" />
            <line number="314" hits="32" branch="False" />
            <line number="315" hits="32" branch="False" />
            <line number="316" hits="32" branch="False" />
            <line number="317" hits="32" branch="False" />
            <line number="318" hits="32" branch="False" />
            <line number="319" hits="32" branch="False" />
            <line number="320" hits="32" branch="False" />
            <line number="321" hits="32" branch="False" />
            <line number="322" hits="32" branch="False" />
            <line number="323" hits="32" branch="False" />
            <line number="324" hits="32" branch="False" />
            <line number="325" hits="32" branch="False" />
            <line number="326" hits="32" branch="False" />
            <line number="327" hits="32" branch="False" />
            <line number="11" hits="64" branch="False" />
            <line number="13" hits="32" branch="False" />
            <line number="14" hits="32" branch="False" />
            <line number="16" hits="32" branch="False" />
          </lines>
        </class>
      </classes>
    </package>
  </packages>
</coverage>